<?xml version="1.0" encoding="UTF-8"?>
<testsuite xmlns:xsi="http://www.w3.org/2001/XMLSchema-instance" xsi:noNamespaceSchemaLocation="https://maven.apache.org/surefire/maven-surefire-plugin/xsd/surefire-test-report.xsd" version="3.0.2" name="centinary.RunCucumberTest" time="5.275" tests="4" errors="0" skipped="0" failures="0">
  <properties>
[...]
</properties>
  <testcase name="Hello API Endpoint - Basic Hello API response - Examples - Example #1.1" classname="Hello API Endpoint - Basic Hello API response - Examples" time="4.086">
    <system-out><![CDATA[
Scenario Outline: Basic Hello API response                          &amp#27;[90m# centinary/example.feature:40&amp#27;[0m
  &amp#27;[32mGiven &amp#27;[0m&amp#27;[32mthe API base URL is &amp#27;[0m&amp#27;[32m&amp#27;[1m"https://wso2mi.centenarybank.demo.com"&amp#27;[0m &amp#27;[90m# centinary.StepDefinitions.set_base_url(java.lang.String)&amp#27;[0m
  &amp#27;[32mWhen &amp#27;[0m&amp#27;[32mI send a GET request to &amp#27;[0m&amp#27;[32m&amp#27;[1m"/hello"&amp#27;[0m                             &amp#27;[90m# centinary.StepDefinitions.send_get_request(java.lang.String)&amp#27;[0m
  &amp#27;[32mThen &amp#27;[0m&amp#27;[32mthe response status code should be &amp#27;[0m&amp#27;[32m&amp#27;[1m200&amp#27;[0m                       &amp#27;[90m# centinary.StepDefinitions.verify_status_code(int)&amp#27;[0m
  &amp#27;[32mAnd &amp#27;[0m&amp#27;[32mthe Content-Type should be &amp#27;[0m&amp#27;[32m&amp#27;[1m"application/json"&amp#27;[0m                 &amp#27;[90m# centinary.StepDefinitions.verify_content_type(java.lang.String)&amp#27;[0m
  &amp#27;[32mAnd &amp#27;[0m&amp#27;[32mthe response should contain message &amp#27;[0m&amp#27;[32m&amp#27;[1m"Hello World"&amp#27;[0m             &amp#27;[90m# centinary.StepDefinitions.verify_response_message(java.lang.String)&amp#27;[0m
  &amp#27;[32mAnd &amp#27;[0m&amp#27;[32mthe response time should be less than &amp#27;[0m&amp#27;[32m&amp#27;[1m5000&amp#27;[0m&amp#27;[32m ms&amp#27;[0m                 &amp#27;[90m# centinary.StepDefinitions.verify_response_time(int)&amp#27;[0m
]]></system-out>
  </testcase>
  <testcase name="Hello API Endpoint - Handle request without Accept header - Examples - Example #1.1" classname="Hello API Endpoint - Handle request without Accept header - Examples" time="0.18">
    <system-out><![CDATA[
Scenario Outline: Handle request without Accept header              &amp#27;[90m# centinary/example.feature:49&amp#27;[0m
  &amp#27;[32mGiven &amp#27;[0m&amp#27;[32mthe API base URL is &amp#27;[0m&amp#27;[32m&amp#27;[1m"https://wso2mi.centenarybank.demo.com"&amp#27;[0m &amp#27;[90m# centinary.StepDefinitions.set_base_url(java.lang.String)&amp#27;[0m
  &amp#27;[32mWhen &amp#27;[0m&amp#27;[32mI send a GET request to &amp#27;[0m&amp#27;[32m&amp#27;[1m"/hello"&amp#27;[0m&amp#27;[32m without headers&amp#27;[0m             &amp#27;[90m# centinary.StepDefinitions.send_get_request_no_headers(java.lang.String)&amp#27;[0m
  &amp#27;[32mThen &amp#27;[0m&amp#27;[32mthe response status code should be &amp#27;[0m&amp#27;[32m&amp#27;[1m200&amp#27;[0m                       &amp#27;[90m# centinary.StepDefinitions.verify_status_code(int)&amp#27;[0m
  &amp#27;[32mAnd &amp#27;[0m&amp#27;[32mthe response should contain message &amp#27;[0m&amp#27;[32m&amp#27;[1m"Hello World"&amp#27;[0m             &amp#27;[90m# centinary.StepDefinitions.verify_response_message(java.lang.String)&amp#27;[0m
]]></system-out>
  </testcase>
  <testcase name="Hello API Endpoint - Invalid endpoint returns 404 - Examples - Example #1.1" classname="Hello API Endpoint - Invalid endpoint returns 404 - Examples" time="0.091">
    <system-out><![CDATA[
Scenario Outline: Invalid endpoint returns 404                      &amp#27;[90m# centinary/example.feature:57&amp#27;[0m
  &amp#27;[32mGiven &amp#27;[0m&amp#27;[32mthe API base URL is &amp#27;[0m&amp#27;[32m&amp#27;[1m"https://wso2mi.centenarybank.demo.com"&amp#27;[0m &amp#27;[90m# centinary.StepDefinitions.set_base_url(java.lang.String)&amp#27;[0m
  &amp#27;[32mWhen &amp#27;[0m&amp#27;[32mI send a GET request to &amp#27;[0m&amp#27;[32m&amp#27;[1m"/invalid"&amp#27;[0m                           &amp#27;[90m# centinary.StepDefinitions.send_get_request(java.lang.String)&amp#27;[0m
  &amp#27;[32mThen &amp#27;[0m&amp#27;[32mthe response status code should be &amp#27;[0m&amp#27;[32m&amp#27;[1m404&amp#27;[0m                       &amp#27;[90m# centinary.StepDefinitions.verify_status_code(int)&amp#27;[0m
]]></system-out>
  </testcase>
  <testcase name="Hello API Endpoint - Validate JSON schema of Hello API - Examples - Example #1.1" classname="Hello API Endpoint - Validate JSON schema of Hello API - Examples" time="0.722">
    <system-out><![CDATA[
Scenario Outline: Validate JSON schema of Hello API                 &amp#27;[90m# centinary/example.feature:65&amp#27;[0m
  &amp#27;[32mGiven &amp#27;[0m&amp#27;[32mthe API base URL is &amp#27;[0m&amp#27;[32m&amp#27;[1m"https://wso2mi.centenarybank.demo.com"&amp#27;[0m &amp#27;[90m# centinary.StepDefinitions.set_base_url(java.lang.String)&amp#27;[0m
  &amp#27;[32mWhen &amp#27;[0m&amp#27;[32mI send a GET request to &amp#27;[0m&amp#27;[32m&amp#27;[1m"/hello"&amp#27;[0m                             &amp#27;[90m# centinary.StepDefinitions.send_get_request(java.lang.String)&amp#27;[0m
  &amp#27;[32mThen &amp#27;[0m&amp#27;[32mthe response should match the expected schema&amp#27;[0m                &amp#27;[90m# centinary.StepDefinitions.validate_json_schema()&amp#27;[0m
]]></system-out>
  </testcase>
</testsuite>